time=2026-02-01T21:20:24.545+09:00 level=INFO msg="Daemon started (interval: %v, auto-commit: %v, auto-push: %v)" !BADKEY=5s !BADKEY=false !BADKEY=false
time=2026-02-01T21:20:24.545+09:00 level=INFO msg="using database" path=/home/jundora/Documents/repos/personal/org-trello-ng/.beads/beads.db
time=2026-02-01T21:20:24.585+09:00 level=INFO msg="database opened" path=/home/jundora/Documents/repos/personal/org-trello-ng/.beads/beads.db backend=sqlite freshness_checking=true
time=2026-02-01T21:20:24.585+09:00 level=INFO msg="upgrading .beads/.gitignore"
time=2026-02-01T21:20:24.585+09:00 level=WARN msg="failed to upgrade .gitignore" error="open .beads/.gitignore: no such file or directory"
time=2026-02-01T21:20:24.586+09:00 level=INFO msg="Repository fingerprint validated: %s" !BADKEY=034394d0
time=2026-02-01T21:20:24.586+09:00 level=INFO msg="starting RPC server" socket=/home/jundora/Documents/repos/personal/org-trello-ng/.beads/bd.sock
time=2026-02-01T21:20:24.586+09:00 level=INFO msg="RPC server ready (socket listening)"
time=2026-02-01T21:20:24.587+09:00 level=INFO msg="registered in global registry"
time=2026-02-01T21:20:24.587+09:00 level=INFO msg="Starting %s..." !BADKEY="sync cycle"
time=2026-02-01T21:20:24.588+09:00 level=INFO msg="Exported to JSONL"
time=2026-02-01T21:20:26.726+09:00 level=INFO msg="Pulled from remote"
time=2026-02-01T21:20:26.735+09:00 level=INFO msg="Imported from JSONL"
time=2026-02-01T21:20:26.743+09:00 level=INFO msg="Sync cycle complete"
time=2026-02-01T21:20:26.743+09:00 level=INFO msg="monitoring parent process" pid=0
time=2026-02-01T21:20:26.743+09:00 level=INFO msg="using event-driven mode"
time=2026-02-01T21:20:26.743+09:00 level=INFO msg="Auto-pull disabled: use 'git pull' manually to sync remote changes"
time=2026-02-01T21:20:46.668+09:00 level=INFO msg="JSONL file created: %s" !BADKEY=/home/jundora/Documents/repos/personal/org-trello-ng/.beads/issues.jsonl
time=2026-02-01T21:20:46.668+09:00 level=INFO msg="File change detected: %s" !BADKEY=/home/jundora/Documents/repos/personal/org-trello-ng/.beads/issues.jsonl
time=2026-02-01T21:20:47.668+09:00 level=INFO msg="Import triggered by file change"
time=2026-02-01T21:20:47.676+09:00 level=INFO msg="Starting %s..." !BADKEY=auto-import
time=2026-02-01T21:20:47.676+09:00 level=INFO msg="Skipping %s: JSONL content unchanged" !BADKEY=auto-import
time=2026-02-01T21:21:22.391+09:00 level=INFO msg="Git ref change detected: %s" !BADKEY=/home/jundora/Documents/repos/personal/org-trello-ng/.git/refs/heads/beads-sync.lock
time=2026-02-01T21:21:23.393+09:00 level=INFO msg="Import triggered by file change"
time=2026-02-01T21:21:23.400+09:00 level=INFO msg="Starting %s..." !BADKEY=auto-import
time=2026-02-01T21:21:23.400+09:00 level=INFO msg="Skipping %s: JSONL content unchanged" !BADKEY=auto-import
time=2026-02-01T21:21:24.468+09:00 level=INFO msg="JSONL file created: %s" !BADKEY=/home/jundora/Documents/repos/personal/org-trello-ng/.beads/issues.jsonl
time=2026-02-01T21:21:24.468+09:00 level=INFO msg="File change detected: %s" !BADKEY=/home/jundora/Documents/repos/personal/org-trello-ng/.beads/issues.jsonl
time=2026-02-01T21:21:25.468+09:00 level=INFO msg="Import triggered by file change"
time=2026-02-01T21:21:25.476+09:00 level=INFO msg="Starting %s..." !BADKEY=auto-import
time=2026-02-01T21:21:25.477+09:00 level=INFO msg="Skipping %s: JSONL content unchanged" !BADKEY=auto-import
time=2026-02-01T21:24:14.463+09:00 level=INFO msg="Git ref change detected: %s" !BADKEY=/home/jundora/Documents/repos/personal/org-trello-ng/.git/refs/heads/main.lock
time=2026-02-01T21:24:15.464+09:00 level=INFO msg="Import triggered by file change"
time=2026-02-01T21:24:15.466+09:00 level=INFO msg="Starting %s..." !BADKEY=auto-import
time=2026-02-01T21:24:15.466+09:00 level=INFO msg="Skipping %s: JSONL content unchanged" !BADKEY=auto-import
time=2026-02-01T21:46:40.200+09:00 level=INFO msg="Git ref change detected: %s" !BADKEY=/home/jundora/Documents/repos/personal/org-trello-ng/.git/refs/heads/foo.lock
time=2026-02-01T21:46:41.204+09:00 level=INFO msg="Import triggered by file change"
time=2026-02-01T21:46:41.214+09:00 level=INFO msg="Starting %s..." !BADKEY=auto-import
time=2026-02-01T21:46:41.214+09:00 level=INFO msg="Skipping %s: JSONL content unchanged" !BADKEY=auto-import
time=2026-02-01T21:57:11.658+09:00 level=INFO msg="Mutation detected: %s %s" create=org-trello-ng-5zl
time=2026-02-01T21:57:12.159+09:00 level=INFO msg="Export triggered by mutation events"
time=2026-02-01T21:57:12.161+09:00 level=INFO msg="Starting %s..." !BADKEY=export
time=2026-02-01T21:57:12.165+09:00 level=INFO msg="JSONL file created: %s" !BADKEY=/home/jundora/Documents/repos/personal/org-trello-ng/.beads/issues.jsonl
time=2026-02-01T21:57:12.165+09:00 level=INFO msg="JSONL removed/renamed, re-establishing watch"
time=2026-02-01T21:57:12.166+09:00 level=INFO msg="Exported to JSONL"
time=2026-02-01T21:57:12.166+09:00 level=INFO msg="Export complete"
time=2026-02-01T21:57:12.216+09:00 level=INFO msg="Successfully re-established JSONL watch after %v" !BADKEY=50ms
time=2026-02-01T21:57:13.217+09:00 level=INFO msg="Import triggered by file change"
time=2026-02-01T21:57:13.220+09:00 level=INFO msg="Starting %s..." !BADKEY=auto-import
time=2026-02-01T21:57:13.220+09:00 level=INFO msg="JSONL content changed, proceeding with %s..." !BADKEY=auto-import
time=2026-02-01T21:57:13.222+09:00 level=INFO msg="⚠️  WARNING: Uncommitted local changes detected in %s" !BADKEY=/home/jundora/Documents/repos/personal/org-trello-ng/.beads/issues.jsonl
time=2026-02-01T21:57:13.222+09:00 level=INFO msg="   Pulling from remote may overwrite local unpushed changes."
time=2026-02-01T21:57:13.222+09:00 level=INFO msg="   Consider running 'bd sync' to commit and push your changes first."
time=2026-02-01T21:57:15.403+09:00 level=INFO msg="Pulled sync branch %s" !BADKEY=beads-sync
time=2026-02-01T21:57:15.404+09:00 level=INFO msg="File change detected: %s" !BADKEY=/home/jundora/Documents/repos/personal/org-trello-ng/.beads/issues.jsonl
time=2026-02-01T21:57:15.404+09:00 level=INFO msg="Synced JSONL from sync branch to main repo"
time=2026-02-01T21:57:15.408+09:00 level=INFO msg="Imported from JSONL"
time=2026-02-01T21:57:15.409+09:00 level=INFO msg="Auto-import complete"
time=2026-02-01T21:57:16.405+09:00 level=INFO msg="Import triggered by file change"
time=2026-02-01T21:57:16.408+09:00 level=INFO msg="Starting %s..." !BADKEY=auto-import
time=2026-02-01T21:57:16.408+09:00 level=INFO msg="Skipping %s: JSONL content unchanged" !BADKEY=auto-import
time=2026-02-01T22:13:33.081+09:00 level=INFO msg="Mutation detected: %s %s" status=org-trello-ng-5zl
time=2026-02-01T22:13:33.582+09:00 level=INFO msg="Export triggered by mutation events"
time=2026-02-01T22:13:33.584+09:00 level=INFO msg="Starting %s..." !BADKEY=export
time=2026-02-01T22:13:33.589+09:00 level=INFO msg="JSONL file created: %s" !BADKEY=/home/jundora/Documents/repos/personal/org-trello-ng/.beads/issues.jsonl
time=2026-02-01T22:13:33.589+09:00 level=INFO msg="JSONL removed/renamed, re-establishing watch"
time=2026-02-01T22:13:33.589+09:00 level=INFO msg="Exported to JSONL"
time=2026-02-01T22:13:33.589+09:00 level=INFO msg="Export complete"
time=2026-02-01T22:13:33.639+09:00 level=INFO msg="Successfully re-established JSONL watch after %v" !BADKEY=50ms
time=2026-02-01T22:13:34.640+09:00 level=INFO msg="Import triggered by file change"
time=2026-02-01T22:13:34.644+09:00 level=INFO msg="Starting %s..." !BADKEY=auto-import
time=2026-02-01T22:13:34.645+09:00 level=INFO msg="JSONL content changed, proceeding with %s..." !BADKEY=auto-import
time=2026-02-01T22:13:34.647+09:00 level=INFO msg="⚠️  WARNING: Uncommitted local changes detected in %s" !BADKEY=/home/jundora/Documents/repos/personal/org-trello-ng/.beads/issues.jsonl
time=2026-02-01T22:13:34.647+09:00 level=INFO msg="   Pulling from remote may overwrite local unpushed changes."
time=2026-02-01T22:13:34.647+09:00 level=INFO msg="   Consider running 'bd sync' to commit and push your changes first."
time=2026-02-01T22:13:36.762+09:00 level=INFO msg="Pulled sync branch %s" !BADKEY=beads-sync
time=2026-02-01T22:13:36.762+09:00 level=INFO msg="Synced JSONL from sync branch to main repo"
time=2026-02-01T22:13:36.762+09:00 level=INFO msg="File change detected: %s" !BADKEY=/home/jundora/Documents/repos/personal/org-trello-ng/.beads/issues.jsonl
time=2026-02-01T22:13:36.765+09:00 level=INFO msg="Imported from JSONL"
time=2026-02-01T22:13:36.766+09:00 level=INFO msg="Auto-import complete"
time=2026-02-01T22:13:37.763+09:00 level=INFO msg="Import triggered by file change"
time=2026-02-01T22:13:37.765+09:00 level=INFO msg="Starting %s..." !BADKEY=auto-import
time=2026-02-01T22:13:37.765+09:00 level=INFO msg="Skipping %s: JSONL content unchanged" !BADKEY=auto-import
time=2026-02-01T22:13:40.060+09:00 level=INFO msg="Git ref change detected: %s" !BADKEY=/home/jundora/Documents/repos/personal/org-trello-ng/.git/refs/heads/main.lock
time=2026-02-01T22:13:41.061+09:00 level=INFO msg="Import triggered by file change"
time=2026-02-01T22:13:41.063+09:00 level=INFO msg="Starting %s..." !BADKEY=auto-import
time=2026-02-01T22:13:41.064+09:00 level=INFO msg="Skipping %s: JSONL content unchanged" !BADKEY=auto-import
time=2026-02-01T22:20:29.279+09:00 level=INFO msg="Git ref change detected: %s" !BADKEY=/home/jundora/Documents/repos/personal/org-trello-ng/.git/refs/heads/main.lock
time=2026-02-01T22:20:30.281+09:00 level=INFO msg="Import triggered by file change"
time=2026-02-01T22:20:30.283+09:00 level=INFO msg="Starting %s..." !BADKEY=auto-import
time=2026-02-01T22:20:30.283+09:00 level=INFO msg="Skipping %s: JSONL content unchanged" !BADKEY=auto-import
time=2026-02-01T22:37:41.904+09:00 level=INFO msg="Mutation detected: %s %s" create=org-trello-ng-8m5
time=2026-02-01T22:37:42.405+09:00 level=INFO msg="Export triggered by mutation events"
time=2026-02-01T22:37:42.407+09:00 level=INFO msg="Starting %s..." !BADKEY=export
time=2026-02-01T22:37:42.411+09:00 level=INFO msg="JSONL file created: %s" !BADKEY=/home/jundora/Documents/repos/personal/org-trello-ng/.beads/issues.jsonl
time=2026-02-01T22:37:42.412+09:00 level=INFO msg="Exported to JSONL"
time=2026-02-01T22:37:42.412+09:00 level=INFO msg="Export complete"
time=2026-02-01T22:37:43.413+09:00 level=INFO msg="Import triggered by file change"
time=2026-02-01T22:37:43.415+09:00 level=INFO msg="Starting %s..." !BADKEY=auto-import
time=2026-02-01T22:37:43.415+09:00 level=INFO msg="JSONL content changed, proceeding with %s..." !BADKEY=auto-import
time=2026-02-01T22:37:43.417+09:00 level=INFO msg="⚠️  WARNING: Uncommitted local changes detected in %s" !BADKEY=/home/jundora/Documents/repos/personal/org-trello-ng/.beads/issues.jsonl
time=2026-02-01T22:37:43.417+09:00 level=INFO msg="   Pulling from remote may overwrite local unpushed changes."
time=2026-02-01T22:37:43.417+09:00 level=INFO msg="   Consider running 'bd sync' to commit and push your changes first."
time=2026-02-01T22:37:45.555+09:00 level=INFO msg="Pulled sync branch %s" !BADKEY=beads-sync
time=2026-02-01T22:37:45.556+09:00 level=INFO msg="File change detected: %s" !BADKEY=/home/jundora/Documents/repos/personal/org-trello-ng/.beads/issues.jsonl
time=2026-02-01T22:37:45.556+09:00 level=INFO msg="Synced JSONL from sync branch to main repo"
time=2026-02-01T22:37:45.562+09:00 level=INFO msg="Imported from JSONL"
time=2026-02-01T22:37:45.564+09:00 level=INFO msg="Auto-import complete"
time=2026-02-01T22:37:46.556+09:00 level=INFO msg="Import triggered by file change"
time=2026-02-01T22:37:46.559+09:00 level=INFO msg="Starting %s..." !BADKEY=auto-import
time=2026-02-01T22:37:46.559+09:00 level=INFO msg="Skipping %s: JSONL content unchanged" !BADKEY=auto-import
time=2026-02-01T22:58:04.310+09:00 level=INFO msg="Git ref change detected: %s" !BADKEY=/home/jundora/Documents/repos/personal/org-trello-ng/.git/refs/heads/main.lock
time=2026-02-01T22:58:05.310+09:00 level=INFO msg="Import triggered by file change"
time=2026-02-01T22:58:05.314+09:00 level=INFO msg="Starting %s..." !BADKEY=auto-import
time=2026-02-01T22:58:05.314+09:00 level=INFO msg="JSONL content changed, proceeding with %s..." !BADKEY=auto-import
time=2026-02-01T22:58:07.454+09:00 level=INFO msg="Pulled sync branch %s" !BADKEY=beads-sync
time=2026-02-01T22:58:07.454+09:00 level=INFO msg="File change detected: %s" !BADKEY=/home/jundora/Documents/repos/personal/org-trello-ng/.beads/issues.jsonl
time=2026-02-01T22:58:07.454+09:00 level=INFO msg="Synced JSONL from sync branch to main repo"
time=2026-02-01T22:58:07.464+09:00 level=INFO msg="Imported from JSONL"
time=2026-02-01T22:58:07.465+09:00 level=INFO msg="Auto-import complete"
time=2026-02-01T22:58:08.455+09:00 level=INFO msg="Import triggered by file change"
time=2026-02-01T22:58:08.458+09:00 level=INFO msg="Starting %s..." !BADKEY=auto-import
time=2026-02-01T22:58:08.458+09:00 level=INFO msg="Skipping %s: JSONL content unchanged" !BADKEY=auto-import
time=2026-02-01T22:58:48.067+09:00 level=INFO msg="Git ref change detected: %s" !BADKEY=/home/jundora/Documents/repos/personal/org-trello-ng/.git/refs/heads/main.lock
time=2026-02-01T22:58:49.068+09:00 level=INFO msg="Import triggered by file change"
time=2026-02-01T22:58:49.070+09:00 level=INFO msg="Starting %s..." !BADKEY=auto-import
time=2026-02-01T22:58:49.070+09:00 level=INFO msg="Skipping %s: JSONL content unchanged" !BADKEY=auto-import
time=2026-02-01T23:05:33.144+09:00 level=INFO msg="Git ref change detected: %s" !BADKEY=/home/jundora/Documents/repos/personal/org-trello-ng/.git/refs/heads/main.lock
time=2026-02-01T23:05:34.144+09:00 level=INFO msg="Import triggered by file change"
time=2026-02-01T23:05:34.147+09:00 level=INFO msg="Starting %s..." !BADKEY=auto-import
time=2026-02-01T23:05:34.147+09:00 level=INFO msg="Skipping %s: JSONL content unchanged" !BADKEY=auto-import
time=2026-02-01T23:05:35.642+09:00 level=INFO msg="Mutation detected: %s %s" status=org-trello-ng-8m5
time=2026-02-01T23:05:36.143+09:00 level=INFO msg="Export triggered by mutation events"
time=2026-02-01T23:05:36.145+09:00 level=INFO msg="Starting %s..." !BADKEY=export
time=2026-02-01T23:05:36.149+09:00 level=INFO msg="JSONL file created: %s" !BADKEY=/home/jundora/Documents/repos/personal/org-trello-ng/.beads/issues.jsonl
time=2026-02-01T23:05:36.149+09:00 level=INFO msg="File change detected: %s" !BADKEY=/home/jundora/Documents/repos/personal/org-trello-ng/.beads/issues.jsonl
time=2026-02-01T23:05:36.150+09:00 level=INFO msg="Exported to JSONL"
time=2026-02-01T23:05:36.150+09:00 level=INFO msg="Export complete"
time=2026-02-01T23:05:37.151+09:00 level=INFO msg="Import triggered by file change"
time=2026-02-01T23:05:37.153+09:00 level=INFO msg="Starting %s..." !BADKEY=auto-import
time=2026-02-01T23:05:37.153+09:00 level=INFO msg="JSONL content changed, proceeding with %s..." !BADKEY=auto-import
time=2026-02-01T23:05:37.155+09:00 level=INFO msg="⚠️  WARNING: Uncommitted local changes detected in %s" !BADKEY=/home/jundora/Documents/repos/personal/org-trello-ng/.beads/issues.jsonl
time=2026-02-01T23:05:37.155+09:00 level=INFO msg="   Pulling from remote may overwrite local unpushed changes."
time=2026-02-01T23:05:37.155+09:00 level=INFO msg="   Consider running 'bd sync' to commit and push your changes first."
time=2026-02-01T23:05:39.296+09:00 level=INFO msg="Pulled sync branch %s" !BADKEY=beads-sync
time=2026-02-01T23:05:39.297+09:00 level=INFO msg="File change detected: %s" !BADKEY=/home/jundora/Documents/repos/personal/org-trello-ng/.beads/issues.jsonl
time=2026-02-01T23:05:39.297+09:00 level=INFO msg="Synced JSONL from sync branch to main repo"
time=2026-02-01T23:05:39.302+09:00 level=INFO msg="Imported from JSONL"
time=2026-02-01T23:05:39.303+09:00 level=INFO msg="Auto-import complete"
time=2026-02-01T23:05:40.298+09:00 level=INFO msg="Import triggered by file change"
time=2026-02-01T23:05:40.300+09:00 level=INFO msg="Starting %s..." !BADKEY=auto-import
time=2026-02-01T23:05:40.301+09:00 level=INFO msg="Skipping %s: JSONL content unchanged" !BADKEY=auto-import
time=2026-02-01T23:05:48.291+09:00 level=INFO msg="Git ref change detected: %s" !BADKEY=/home/jundora/Documents/repos/personal/org-trello-ng/.git/refs/heads/main.lock
time=2026-02-01T23:05:49.291+09:00 level=INFO msg="Import triggered by file change"
time=2026-02-01T23:05:49.295+09:00 level=INFO msg="Starting %s..." !BADKEY=auto-import
time=2026-02-01T23:05:49.295+09:00 level=INFO msg="Skipping %s: JSONL content unchanged" !BADKEY=auto-import
time=2026-02-01T23:41:21.747+09:00 level=INFO msg="Received reload signal, ignoring"
time=2026-02-01T23:41:21.747+09:00 level=INFO msg="Received signal %v, shutting down..." !BADKEY=terminated
time=2026-03-15T01:33:12.672+09:00 level=INFO msg="Daemon started (interval: %v, auto-commit: %v, auto-push: %v)" !BADKEY=5s !BADKEY=false !BADKEY=false
time=2026-03-15T01:33:12.672+09:00 level=INFO msg="using database" path=/home/jundora/Documents/repos/personal/org-trello-ng/.beads/beads.db
time=2026-03-15T01:33:12.720+09:00 level=INFO msg="database opened" path=/home/jundora/Documents/repos/personal/org-trello-ng/.beads/beads.db backend=sqlite freshness_checking=true
time=2026-03-15T01:33:12.720+09:00 level=INFO msg="upgrading .beads/.gitignore"
time=2026-03-15T01:33:12.720+09:00 level=WARN msg="failed to upgrade .gitignore" error="open .beads/.gitignore: no such file or directory"
time=2026-03-15T01:33:12.720+09:00 level=INFO msg="Repository fingerprint validated: %s" !BADKEY=034394d0
time=2026-03-15T01:33:12.721+09:00 level=INFO msg="starting RPC server" socket=/home/jundora/Documents/repos/personal/org-trello-ng/.beads/bd.sock
time=2026-03-15T01:33:12.722+09:00 level=INFO msg="RPC server ready (socket listening)"
time=2026-03-15T01:33:12.723+09:00 level=INFO msg="registered in global registry"
time=2026-03-15T01:33:12.723+09:00 level=INFO msg="Starting %s..." !BADKEY="sync cycle"
time=2026-03-15T01:33:12.727+09:00 level=INFO msg="Exported to JSONL"
time=2026-03-15T01:33:12.735+09:00 level=INFO msg="Sync branch pull failed: %v" !BADKEY="git pull failed in worktree: exit status 128\nfatal: .git/index: index file open failed: Not a directory\n"
time=2026-03-15T01:33:12.735+09:00 level=INFO msg="monitoring parent process" pid=0
time=2026-03-15T01:33:12.735+09:00 level=INFO msg="using event-driven mode"
time=2026-03-15T01:33:12.736+09:00 level=INFO msg="Auto-pull disabled: use 'git pull' manually to sync remote changes"
time=2026-03-15T01:35:32.380+09:00 level=INFO msg="Git ref change detected: %s" !BADKEY=/home/jundora/Documents/repos/personal/org-trello-ng/.git/refs/heads/main.lock
time=2026-03-15T01:35:33.381+09:00 level=INFO msg="Import triggered by file change"
time=2026-03-15T01:35:33.384+09:00 level=INFO msg="Starting %s..." !BADKEY=auto-import
time=2026-03-15T01:35:33.386+09:00 level=INFO msg="JSONL content changed, proceeding with %s..." !BADKEY=auto-import
time=2026-03-15T01:35:33.399+09:00 level=INFO msg="Sync branch pull failed: %v (backoff: %v)" !BADKEY="git pull failed in worktree: exit status 128\nfatal: .git/index: index file open failed: Not a directory\n" !BADKEY=30s
time=2026-03-15T18:55:55.465+09:00 level=INFO msg="Git ref change detected: %s" !BADKEY=/home/jundora/Documents/repos/personal/org-trello-ng/.git/refs/heads/main.lock
time=2026-03-15T18:55:56.470+09:00 level=INFO msg="Import triggered by file change"
time=2026-03-15T18:55:56.475+09:00 level=INFO msg="Starting %s..." !BADKEY=auto-import
time=2026-03-15T18:55:56.476+09:00 level=INFO msg="JSONL content changed, proceeding with %s..." !BADKEY=auto-import
time=2026-03-15T18:55:56.491+09:00 level=INFO msg="Sync branch pull failed: %v (backoff: %v)" !BADKEY="git pull failed in worktree: exit status 128\nfatal: .git/index: index file open failed: Not a directory\n" !BADKEY=1m0s
time=2026-03-15T19:26:51.788+09:00 level=INFO msg="Git ref change detected: %s" !BADKEY=/home/jundora/Documents/repos/personal/org-trello-ng/.git/refs/heads/main.lock
time=2026-03-15T19:26:52.789+09:00 level=INFO msg="Import triggered by file change"
time=2026-03-15T19:26:52.795+09:00 level=INFO msg="Starting %s..." !BADKEY=auto-import
time=2026-03-15T19:26:52.797+09:00 level=INFO msg="JSONL content changed, proceeding with %s..." !BADKEY=auto-import
time=2026-03-15T19:26:52.811+09:00 level=INFO msg="Sync branch pull failed: %v (backoff: %v)" !BADKEY="git pull failed in worktree: exit status 128\nfatal: .git/index: index file open failed: Not a directory\n" !BADKEY=2m0s
time=2026-03-15T19:58:48.547+09:00 level=INFO msg="Mutation detected: %s %s" create=org-trello-ng-5y5
time=2026-03-15T19:58:48.548+09:00 level=INFO msg="Mutation detected: %s %s" create=org-trello-ng-7cf
time=2026-03-15T19:58:48.548+09:00 level=INFO msg="Mutation detected: %s %s" create=org-trello-ng-r9b
time=2026-03-15T19:58:48.548+09:00 level=INFO msg="Mutation detected: %s %s" create=org-trello-ng-gtt
time=2026-03-15T19:58:48.549+09:00 level=INFO msg="Mutation detected: %s %s" create=org-trello-ng-1d7
time=2026-03-15T19:58:48.549+09:00 level=INFO msg="Mutation detected: %s %s" create=org-trello-ng-4gy
time=2026-03-15T19:58:48.549+09:00 level=INFO msg="Mutation detected: %s %s" create=org-trello-ng-8mt
time=2026-03-15T19:58:48.550+09:00 level=INFO msg="Mutation detected: %s %s" create=org-trello-ng-xas
time=2026-03-15T19:58:49.050+09:00 level=INFO msg="Export triggered by mutation events"
time=2026-03-15T19:58:49.051+09:00 level=INFO msg="Starting %s..." !BADKEY=export
time=2026-03-15T19:58:49.054+09:00 level=INFO msg="Pre-export validation failed: %v" !BADKEY="refusing to export: JSONL content has changed since last import (import first to avoid data loss)"
time=2026-03-15T19:59:01.870+09:00 level=INFO msg="Mutation detected: %s %s" update=org-trello-ng-5y5
time=2026-03-15T19:59:01.961+09:00 level=INFO msg="Mutation detected: %s %s" update=org-trello-ng-7cf
time=2026-03-15T19:59:02.036+09:00 level=INFO msg="Mutation detected: %s %s" update=org-trello-ng-r9b
time=2026-03-15T19:59:02.133+09:00 level=INFO msg="Mutation detected: %s %s" update=org-trello-ng-gtt
time=2026-03-15T19:59:02.223+09:00 level=INFO msg="Mutation detected: %s %s" update=org-trello-ng-1d7
time=2026-03-15T19:59:02.328+09:00 level=INFO msg="Mutation detected: %s %s" update=org-trello-ng-4gy
time=2026-03-15T19:59:02.421+09:00 level=INFO msg="Mutation detected: %s %s" update=org-trello-ng-8mt
time=2026-03-15T19:59:02.504+09:00 level=INFO msg="Mutation detected: %s %s" update=org-trello-ng-xas
time=2026-03-15T19:59:03.005+09:00 level=INFO msg="Export triggered by mutation events"
time=2026-03-15T19:59:03.007+09:00 level=INFO msg="Starting %s..." !BADKEY=export
time=2026-03-15T19:59:03.009+09:00 level=INFO msg="Pre-export validation failed: %v" !BADKEY="refusing to export: JSONL content has changed since last import (import first to avoid data loss)"
time=2026-03-15T19:59:11.708+09:00 level=INFO msg="Mutation detected: %s %s" update=org-trello-ng-7cf
time=2026-03-15T19:59:11.814+09:00 level=INFO msg="Mutation detected: %s %s" update=org-trello-ng-r9b
time=2026-03-15T19:59:11.907+09:00 level=INFO msg="Mutation detected: %s %s" update=org-trello-ng-gtt
time=2026-03-15T19:59:12.012+09:00 level=INFO msg="Mutation detected: %s %s" update=org-trello-ng-1d7
time=2026-03-15T19:59:12.098+09:00 level=INFO msg="Mutation detected: %s %s" update=org-trello-ng-4gy
time=2026-03-15T19:59:12.181+09:00 level=INFO msg="Mutation detected: %s %s" update=org-trello-ng-4gy
time=2026-03-15T19:59:12.280+09:00 level=INFO msg="Mutation detected: %s %s" update=org-trello-ng-8mt
time=2026-03-15T19:59:12.372+09:00 level=INFO msg="Mutation detected: %s %s" update=org-trello-ng-xas
time=2026-03-15T19:59:12.873+09:00 level=INFO msg="Export triggered by mutation events"
time=2026-03-15T19:59:12.874+09:00 level=INFO msg="Starting %s..." !BADKEY=export
time=2026-03-15T19:59:12.876+09:00 level=INFO msg="Pre-export validation failed: %v" !BADKEY="refusing to export: JSONL content has changed since last import (import first to avoid data loss)"
time=2026-03-15T20:08:19.790+09:00 level=INFO msg="Mutation detected: %s %s" create=org-trello-ng-5y5.1
time=2026-03-15T20:08:19.907+09:00 level=INFO msg="Mutation detected: %s %s" create=org-trello-ng-5y5.2
time=2026-03-15T20:08:19.984+09:00 level=INFO msg="Mutation detected: %s %s" create=org-trello-ng-5y5.3
time=2026-03-15T20:08:20.051+09:00 level=INFO msg="Mutation detected: %s %s" create=org-trello-ng-5y5.4
time=2026-03-15T20:08:20.146+09:00 level=INFO msg="Mutation detected: %s %s" create=org-trello-ng-5y5.5
time=2026-03-15T20:08:20.239+09:00 level=INFO msg="Mutation detected: %s %s" create=org-trello-ng-5y5.6
time=2026-03-15T20:08:20.350+09:00 level=INFO msg="Mutation detected: %s %s" create=org-trello-ng-5y5.7
time=2026-03-15T20:08:20.851+09:00 level=INFO msg="Export triggered by mutation events"
time=2026-03-15T20:08:20.852+09:00 level=INFO msg="Starting %s..." !BADKEY=export
time=2026-03-15T20:08:20.854+09:00 level=INFO msg="Pre-export validation failed: %v" !BADKEY="refusing to export: JSONL content has changed since last import (import first to avoid data loss)"
time=2026-03-15T20:08:35.345+09:00 level=INFO msg="Mutation detected: %s %s" create=org-trello-ng-7cf.1
time=2026-03-15T20:08:35.439+09:00 level=INFO msg="Mutation detected: %s %s" create=org-trello-ng-7cf.2
time=2026-03-15T20:08:35.532+09:00 level=INFO msg="Mutation detected: %s %s" create=org-trello-ng-7cf.3
time=2026-03-15T20:08:35.630+09:00 level=INFO msg="Mutation detected: %s %s" create=org-trello-ng-7cf.4
time=2026-03-15T20:08:35.724+09:00 level=INFO msg="Mutation detected: %s %s" create=org-trello-ng-7cf.5
time=2026-03-15T20:08:35.824+09:00 level=INFO msg="Mutation detected: %s %s" create=org-trello-ng-7cf.6
time=2026-03-15T20:08:35.924+09:00 level=INFO msg="Mutation detected: %s %s" create=org-trello-ng-7cf.7
time=2026-03-15T20:08:36.424+09:00 level=INFO msg="Export triggered by mutation events"
time=2026-03-15T20:08:36.426+09:00 level=INFO msg="Starting %s..." !BADKEY=export
time=2026-03-15T20:08:36.428+09:00 level=INFO msg="Pre-export validation failed: %v" !BADKEY="refusing to export: JSONL content has changed since last import (import first to avoid data loss)"
time=2026-03-15T20:08:51.446+09:00 level=INFO msg="Mutation detected: %s %s" create=org-trello-ng-r9b.1
time=2026-03-15T20:08:51.558+09:00 level=INFO msg="Mutation detected: %s %s" create=org-trello-ng-r9b.2
time=2026-03-15T20:08:51.669+09:00 level=INFO msg="Mutation detected: %s %s" create=org-trello-ng-r9b.3
time=2026-03-15T20:08:51.772+09:00 level=INFO msg="Mutation detected: %s %s" create=org-trello-ng-r9b.4
time=2026-03-15T20:08:51.872+09:00 level=INFO msg="Mutation detected: %s %s" create=org-trello-ng-r9b.5
time=2026-03-15T20:08:51.966+09:00 level=INFO msg="Mutation detected: %s %s" create=org-trello-ng-r9b.6
time=2026-03-15T20:08:52.069+09:00 level=INFO msg="Mutation detected: %s %s" create=org-trello-ng-r9b.7
time=2026-03-15T20:08:52.165+09:00 level=INFO msg="Mutation detected: %s %s" create=org-trello-ng-r9b.8
time=2026-03-15T20:08:52.665+09:00 level=INFO msg="Export triggered by mutation events"
time=2026-03-15T20:08:52.667+09:00 level=INFO msg="Starting %s..." !BADKEY=export
time=2026-03-15T20:08:52.669+09:00 level=INFO msg="Pre-export validation failed: %v" !BADKEY="refusing to export: JSONL content has changed since last import (import first to avoid data loss)"
time=2026-03-15T20:09:18.054+09:00 level=INFO msg="Mutation detected: %s %s" create=org-trello-ng-gtt.1
time=2026-03-15T20:09:18.155+09:00 level=INFO msg="Mutation detected: %s %s" create=org-trello-ng-gtt.2
time=2026-03-15T20:09:18.244+09:00 level=INFO msg="Mutation detected: %s %s" create=org-trello-ng-gtt.3
time=2026-03-15T20:09:18.322+09:00 level=INFO msg="Mutation detected: %s %s" create=org-trello-ng-gtt.4
time=2026-03-15T20:09:18.393+09:00 level=INFO msg="Mutation detected: %s %s" create=org-trello-ng-1d7.1
time=2026-03-15T20:09:18.485+09:00 level=INFO msg="Mutation detected: %s %s" create=org-trello-ng-1d7.2
time=2026-03-15T20:09:18.567+09:00 level=INFO msg="Mutation detected: %s %s" create=org-trello-ng-1d7.3
time=2026-03-15T20:09:18.650+09:00 level=INFO msg="Mutation detected: %s %s" create=org-trello-ng-1d7.4
time=2026-03-15T20:09:18.739+09:00 level=INFO msg="Mutation detected: %s %s" create=org-trello-ng-1d7.5
time=2026-03-15T20:09:18.837+09:00 level=INFO msg="Mutation detected: %s %s" create=org-trello-ng-1d7.6
time=2026-03-15T20:09:18.911+09:00 level=INFO msg="Mutation detected: %s %s" create=org-trello-ng-4gy.1
time=2026-03-15T20:09:19.006+09:00 level=INFO msg="Mutation detected: %s %s" create=org-trello-ng-4gy.2
time=2026-03-15T20:09:19.091+09:00 level=INFO msg="Mutation detected: %s %s" create=org-trello-ng-4gy.3
time=2026-03-15T20:09:19.175+09:00 level=INFO msg="Mutation detected: %s %s" create=org-trello-ng-4gy.4
time=2026-03-15T20:09:19.270+09:00 level=INFO msg="Mutation detected: %s %s" create=org-trello-ng-4gy.5
time=2026-03-15T20:09:19.330+09:00 level=INFO msg="Mutation detected: %s %s" create=org-trello-ng-4gy.6
time=2026-03-15T20:09:19.831+09:00 level=INFO msg="Export triggered by mutation events"
time=2026-03-15T20:09:19.832+09:00 level=INFO msg="Starting %s..." !BADKEY=export
time=2026-03-15T20:09:19.835+09:00 level=INFO msg="Pre-export validation failed: %v" !BADKEY="refusing to export: JSONL content has changed since last import (import first to avoid data loss)"
time=2026-03-15T20:09:39.248+09:00 level=INFO msg="Mutation detected: %s %s" create=org-trello-ng-8mt.1
time=2026-03-15T20:09:39.312+09:00 level=INFO msg="Mutation detected: %s %s" create=org-trello-ng-8mt.2
time=2026-03-15T20:09:39.380+09:00 level=INFO msg="Mutation detected: %s %s" create=org-trello-ng-8mt.3
time=2026-03-15T20:09:39.457+09:00 level=INFO msg="Mutation detected: %s %s" create=org-trello-ng-8mt.4
time=2026-03-15T20:09:39.533+09:00 level=INFO msg="Mutation detected: %s %s" create=org-trello-ng-8mt.5
time=2026-03-15T20:09:39.628+09:00 level=INFO msg="Mutation detected: %s %s" create=org-trello-ng-8mt.6
time=2026-03-15T20:09:39.722+09:00 level=INFO msg="Mutation detected: %s %s" create=org-trello-ng-8mt.7
time=2026-03-15T20:09:39.822+09:00 level=INFO msg="Mutation detected: %s %s" create=org-trello-ng-8mt.8
time=2026-03-15T20:09:39.898+09:00 level=INFO msg="Mutation detected: %s %s" create=org-trello-ng-xas.1
time=2026-03-15T20:09:39.966+09:00 level=INFO msg="Mutation detected: %s %s" create=org-trello-ng-xas.2
time=2026-03-15T20:09:40.068+09:00 level=INFO msg="Mutation detected: %s %s" create=org-trello-ng-xas.3
time=2026-03-15T20:09:40.568+09:00 level=INFO msg="Export triggered by mutation events"
time=2026-03-15T20:09:40.570+09:00 level=INFO msg="Starting %s..." !BADKEY=export
time=2026-03-15T20:09:40.571+09:00 level=INFO msg="Pre-export validation failed: %v" !BADKEY="refusing to export: JSONL content has changed since last import (import first to avoid data loss)"
time=2026-03-15T20:24:41.569+09:00 level=INFO msg="File change detected: %s" !BADKEY=/home/jundora/Documents/repos/personal/org-trello-ng/.git/beads-worktrees/beads-sync/.beads/issues.jsonl
time=2026-03-15T20:24:41.570+09:00 level=INFO msg="JSONL removed/renamed, re-establishing watch"
time=2026-03-15T20:24:41.620+09:00 level=INFO msg="JSONL still missing after %v, retrying..." !BADKEY=50ms
time=2026-03-15T20:24:41.720+09:00 level=INFO msg="JSONL still missing after %v, retrying..." !BADKEY=100ms
time=2026-03-15T20:24:41.920+09:00 level=INFO msg="JSONL still missing after %v, retrying..." !BADKEY=200ms
time=2026-03-15T20:24:42.321+09:00 level=INFO msg="JSONL still missing after %v, retrying..." !BADKEY=400ms
time=2026-03-15T20:24:42.321+09:00 level=INFO msg="Failed to re-establish JSONL watch after all retries"
time=2026-03-15T20:24:42.571+09:00 level=INFO msg="Import triggered by file change"
time=2026-03-15T20:24:42.574+09:00 level=INFO msg="Starting %s..." !BADKEY=auto-import
time=2026-03-15T20:24:42.575+09:00 level=INFO msg="Skipping %s: JSONL content unchanged" !BADKEY=auto-import
